2026-05-12T16:31:00-07:00 [INFO] (codacy-cli-v2/cli-v2.go:27) Starting Codacy CLI version=1.0.0-main.376.sha.799aab5 (799aab5) built at 2026-04-14T13:42:20Z
2026-05-12T16:31:00-07:00 [INFO] (codacy-cli-v2/cmd/root.go:34) Executing CLI command full_command=[/Users/jessica/Library/Caches/Codacy/codacy-cli-v2/1.0.0-main.376.sha.799aab5/codacy-cli-v2 init --provider gh --organization Digital-Defiance --repository findutils-brightdate --api-token ***] args=[] command=init
2026-05-12T16:31:33-07:00 [INFO] (codacy-cli-v2/cli-v2.go:27) Starting Codacy CLI version=1.0.0-main.376.sha.799aab5 (799aab5) built at 2026-04-14T13:42:20Z
2026-05-12T16:31:33-07:00 [INFO] (codacy-cli-v2/cmd/root.go:34) Executing CLI command command=init full_command=[/Users/jessica/Library/Caches/Codacy/codacy-cli-v2/1.0.0-main.376.sha.799aab5/codacy-cli-v2 init --provider gh --organization Digital-Defiance --repository findutils-brightdate --api-token ***] args=[]
2026-05-12T16:31:45-07:00 [INFO] (codacy-cli-v2/cli-v2.go:27) Starting Codacy CLI version=1.0.0-main.376.sha.799aab5 (799aab5) built at 2026-04-14T13:42:20Z
2026-05-12T16:31:45-07:00 [INFO] (codacy-cli-v2/cli-v2.go:55) No configuration file was found, execute init command first.
2026-05-12T16:31:49-07:00 [INFO] (codacy-cli-v2/cli-v2.go:27) Starting Codacy CLI version=1.0.0-main.376.sha.799aab5 (799aab5) built at 2026-04-14T13:42:20Z
2026-05-12T16:31:49-07:00 [INFO] (codacy-cli-v2/cmd/root.go:34) Executing CLI command command=init full_command=[/Users/jessica/Library/Caches/Codacy/codacy-cli-v2/1.0.0-main.376.sha.799aab5/codacy-cli-v2 init --provider gh --organization Digital-Defiance --repository findutils-brightdate --api-token ***] args=[]
2026-05-12T17:08:47-07:00 [INFO] (codacy-cli-v2/cli-v2.go:27) Starting Codacy CLI version=1.0.0-main.376.sha.799aab5 (799aab5) built at 2026-04-14T13:42:20Z
2026-05-12T17:08:47-07:00 [INFO] (codacy-cli-v2/cmd/root.go:34) Executing CLI command command=init full_command=[/Users/jessica/Library/Caches/Codacy/codacy-cli-v2/1.0.0-main.376.sha.799aab5/codacy-cli-v2 init --provider gh --organization Digital-Defiance --repository findutils-brightdate --api-token ***] args=[]
2026-05-12T17:12:09-07:00 [INFO] (codacy-cli-v2/cli-v2.go:27) Starting Codacy CLI version=1.0.0-main.376.sha.799aab5 (799aab5) built at 2026-04-14T13:42:20Z
2026-05-12T17:12:09-07:00 [INFO] (codacy-cli-v2/cmd/root.go:34) Executing CLI command args=[] command=init full_command=[/Users/jessica/Library/Caches/Codacy/codacy-cli-v2/1.0.0-main.376.sha.799aab5/codacy-cli-v2 init --provider gh --organization Digital-Defiance --repository findutils-brightdate --api-token ***]
2026-05-12T17:12:35-07:00 [INFO] (codacy-cli-v2/cli-v2.go:27) Starting Codacy CLI version=1.0.0-main.376.sha.799aab5 (799aab5) built at 2026-04-14T13:42:20Z
2026-05-12T17:12:35-07:00 [INFO] (codacy-cli-v2/cmd/root.go:34) Executing CLI command command=init full_command=[/Users/jessica/Library/Caches/Codacy/codacy-cli-v2/1.0.0-main.376.sha.799aab5/codacy-cli-v2 init --provider gh --organization Digital-Defiance --repository findutils-brightdate --api-token ***] args=[]
2026-05-12T17:12:53-07:00 [INFO] (codacy-cli-v2/cli-v2.go:27) Starting Codacy CLI version=1.0.0-main.376.sha.799aab5 (799aab5) built at 2026-04-14T13:42:20Z
2026-05-12T17:12:53-07:00 [INFO] (codacy-cli-v2/cmd/root.go:34) Executing CLI command command=init full_command=[/Users/jessica/Library/Caches/Codacy/codacy-cli-v2/1.0.0-main.376.sha.799aab5/codacy-cli-v2 init --provider gh --organization Digital-Defiance --repository findutils-brightdate --api-token ***] args=[]
2026-05-12T17:13:05-07:00 [INFO] (codacy-cli-v2/cli-v2.go:27) Starting Codacy CLI version=1.0.0-main.376.sha.799aab5 (799aab5) built at 2026-04-14T13:42:20Z
2026-05-12T17:13:05-07:00 [INFO] (codacy-cli-v2/cmd/root.go:34) Executing CLI command command=init full_command=[/Users/jessica/Library/Caches/Codacy/codacy-cli-v2/1.0.0-main.376.sha.799aab5/codacy-cli-v2 init --provider gh --organization Digital-Defiance --repository findutils-brightdate --api-token ***] args=[]
2026-05-12T17:17:03-07:00 [INFO] (codacy-cli-v2/cli-v2.go:27) Starting Codacy CLI version=1.0.0-main.376.sha.799aab5 (799aab5) built at 2026-04-14T13:42:20Z
2026-05-12T17:17:03-07:00 [INFO] (codacy-cli-v2/cmd/root.go:34) Executing CLI command full_command=[/Users/jessica/Library/Caches/Codacy/codacy-cli-v2/1.0.0-main.376.sha.799aab5/codacy-cli-v2 init --provider gh --organization Digital-Defiance --repository findutils-brightdate --api-token ***] args=[] command=init
